Error: Unable to access jarfile C:\testboot/target/app.jar

  .   ____          _            __ _ _
 /\\ / ___'_ __ _ _(_)_ __  __ _ \ \ \ \
( ( )\___ | '_ | '_| | '_ \/ _` | \ \ \ \
 \\/  ___)| |_)| | | | | || (_| |  ) ) ) )
  '  |____| .__|_| |_|_| |_\__, | / / / /
 =========|_|==============|___/=/_/_/_/
 :: Spring Boot ::        (v1.5.9.RELEASE)

2017-12-02 05:09:09.202  INFO 6960 --- [           main] c.kozyrev.testboot.TestBootApplication   : Starting TestBootApplication v0.0.1-SNAPSHOT on maxpc with PID 6960 (C:\testboot\target\testboot-0.0.1-SNAPSHOT.jar started by max in C:\testboot)
2017-12-02 05:09:09.208  INFO 6960 --- [           main] c.kozyrev.testboot.TestBootApplication   : No active profile set, falling back to default profiles: default
2017-12-02 05:09:10.352  INFO 6960 --- [           main] ationConfigEmbeddedWebApplicationContext : Refreshing org.springframework.boot.context.embedded.AnnotationConfigEmbeddedWebApplicationContext@14514713: startup date [Sat Dec 02 05:09:10 EET 2017]; root of context hierarchy
2017-12-02 05:09:15.031  INFO 6960 --- [           main] s.b.c.e.t.TomcatEmbeddedServletContainer : Tomcat initialized with port(s): 8080 (http)
2017-12-02 05:09:15.080  INFO 6960 --- [           main] o.apache.catalina.core.StandardService   : Starting service [Tomcat]
2017-12-02 05:09:15.083  INFO 6960 --- [           main] org.apache.catalina.core.StandardEngine  : Starting Servlet Engine: Apache Tomcat/8.5.23
2017-12-02 05:09:15.506  INFO 6960 --- [ost-startStop-1] o.a.c.c.C.[Tomcat].[localhost].[/]       : Initializing Spring embedded WebApplicationContext
2017-12-02 05:09:15.506  INFO 6960 --- [ost-startStop-1] o.s.web.context.ContextLoader            : Root WebApplicationContext: initialization completed in 5212 ms
2017-12-02 05:09:15.965  INFO 6960 --- [ost-startStop-1] o.s.b.w.servlet.FilterRegistrationBean   : Mapping filter: 'characterEncodingFilter' to: [/*]
2017-12-02 05:09:15.965  INFO 6960 --- [ost-startStop-1] o.s.b.w.servlet.FilterRegistrationBean   : Mapping filter: 'hiddenHttpMethodFilter' to: [/*]
2017-12-02 05:09:15.965  INFO 6960 --- [ost-startStop-1] o.s.b.w.servlet.FilterRegistrationBean   : Mapping filter: 'httpPutFormContentFilter' to: [/*]
2017-12-02 05:09:15.965  INFO 6960 --- [ost-startStop-1] o.s.b.w.servlet.FilterRegistrationBean   : Mapping filter: 'requestContextFilter' to: [/*]
2017-12-02 05:09:15.967  INFO 6960 --- [ost-startStop-1] .s.DelegatingFilterProxyRegistrationBean : Mapping filter: 'springSecurityFilterChain' to: [/*]
2017-12-02 05:09:15.967  INFO 6960 --- [ost-startStop-1] o.s.b.w.servlet.ServletRegistrationBean  : Mapping servlet: 'dispatcherServlet' to [/]
2017-12-02 05:09:15.969  INFO 6960 --- [ost-startStop-1] o.s.b.w.servlet.ServletRegistrationBean  : Mapping servlet: 'webServlet' to [/h2/*]
2017-12-02 05:09:16.084  INFO 6960 --- [           main] o.s.j.d.DriverManagerDataSource          : Loaded JDBC driver: org.h2.Driver
2017-12-02 05:09:17.247  INFO 6960 --- [           main] j.LocalContainerEntityManagerFactoryBean : Building JPA container EntityManagerFactory for persistence unit 'default'
2017-12-02 05:09:17.278  INFO 6960 --- [           main] o.hibernate.jpa.internal.util.LogHelper  : HHH000204: Processing PersistenceUnitInfo [
	name: default
	...]
2017-12-02 05:09:17.746  INFO 6960 --- [           main] org.hibernate.Version                    : HHH000412: Hibernate Core {5.0.12.Final}
2017-12-02 05:09:17.754  INFO 6960 --- [           main] org.hibernate.cfg.Environment            : HHH000206: hibernate.properties not found
2017-12-02 05:09:17.764  INFO 6960 --- [           main] org.hibernate.cfg.Environment            : HHH000021: Bytecode provider name : javassist
2017-12-02 05:09:17.910  INFO 6960 --- [           main] o.hibernate.annotations.common.Version   : HCANN000001: Hibernate Commons Annotations {5.0.1.Final}
2017-12-02 05:09:18.440  INFO 6960 --- [           main] org.hibernate.dialect.Dialect            : HHH000400: Using dialect: org.hibernate.dialect.H2Dialect
2017-12-02 05:09:20.014  INFO 6960 --- [           main] org.hibernate.tool.hbm2ddl.SchemaExport  : HHH000227: Running hbm2ddl schema export
Hibernate: drop table account if exists
Hibernate: drop table user_roles if exists
Hibernate: drop table users if exists
Hibernate: create table account (id integer generated by default as identity, email varchar(255), firstname varchar(255), lastname varchar(255), primary key (id))
Hibernate: create table user_roles (role_id bigint generated by default as identity, role varchar(255), username varchar(255), primary key (role_id))
Hibernate: create table users (username varchar(255) not null, enabled boolean, password varchar(255), primary key (username))
Hibernate: alter table user_roles add constraint FKcdp2dxqcsdh6rnh6o64rgtcir foreign key (username) references users
2017-12-02 05:09:20.073  INFO 6960 --- [           main] org.hibernate.tool.hbm2ddl.SchemaExport  : HHH000230: Schema export complete
2017-12-02 05:09:20.180  INFO 6960 --- [           main] j.LocalContainerEntityManagerFactoryBean : Initialized JPA EntityManagerFactory for persistence unit 'default'
2017-12-02 05:09:20.727  INFO 6960 --- [           main] o.s.jdbc.datasource.init.ScriptUtils     : Executing SQL script from URL [jar:file:/C:/testboot/target/testboot-0.0.1-SNAPSHOT.jar!/BOOT-INF/classes!/data.sql]
2017-12-02 05:09:20.737  INFO 6960 --- [           main] o.s.jdbc.datasource.init.ScriptUtils     : Executed SQL script from URL [jar:file:/C:/testboot/target/testboot-0.0.1-SNAPSHOT.jar!/BOOT-INF/classes!/data.sql] in 9 ms.
2017-12-02 05:09:22.491  INFO 6960 --- [           main] o.s.s.web.DefaultSecurityFilterChain     : Creating filter chain: org.springframework.security.web.util.matcher.AnyRequestMatcher@1, [org.springframework.security.web.context.request.async.WebAsyncManagerIntegrationFilter@533bda92, org.springframework.security.web.context.SecurityContextPersistenceFilter@183ec003, org.springframework.security.web.header.HeaderWriterFilter@5890e879, org.springframework.security.web.csrf.CsrfFilter@7ce69770, org.springframework.security.web.authentication.logout.LogoutFilter@24569dba, org.springframework.security.web.authentication.UsernamePasswordAuthenticationFilter@548a24a, org.springframework.security.web.savedrequest.RequestCacheAwareFilter@221a3fa4, org.springframework.security.web.servletapi.SecurityContextHolderAwareRequestFilter@3e08ff24, org.springframework.security.web.authentication.AnonymousAuthenticationFilter@304bb45b, org.springframework.security.web.session.SessionManagementFilter@31ea9581, org.springframework.security.web.access.ExceptionTranslationFilter@6e9a5ed8, org.springframework.security.web.access.intercept.FilterSecurityInterceptor@302c971f]
2017-12-02 05:09:23.038  INFO 6960 --- [           main] s.w.s.m.m.a.RequestMappingHandlerAdapter : Looking for @ControllerAdvice: org.springframework.boot.context.embedded.AnnotationConfigEmbeddedWebApplicationContext@14514713: startup date [Sat Dec 02 05:09:10 EET 2017]; root of context hierarchy
2017-12-02 05:09:23.343  INFO 6960 --- [           main] s.w.s.m.m.a.RequestMappingHandlerMapping : Mapped "{[/home || /],methods=[POST]}" onto public java.lang.String com.kozyrev.testboot.controller.HomeController.account(com.kozyrev.testboot.model.Account)
2017-12-02 05:09:23.346  INFO 6960 --- [           main] s.w.s.m.m.a.RequestMappingHandlerMapping : Mapped "{[/home || /],methods=[GET]}" onto public java.lang.String com.kozyrev.testboot.controller.HomeController.account(org.springframework.ui.Model)
2017-12-02 05:09:23.381  INFO 6960 --- [           main] s.w.s.m.m.a.RequestMappingHandlerMapping : Mapped "{[/error]}" onto public org.springframework.http.ResponseEntity<java.util.Map<java.lang.String, java.lang.Object>> org.springframework.boot.autoconfigure.web.BasicErrorController.error(javax.servlet.http.HttpServletRequest)
2017-12-02 05:09:23.382  INFO 6960 --- [           main] s.w.s.m.m.a.RequestMappingHandlerMapping : Mapped "{[/error],produces=[text/html]}" onto public org.springframework.web.servlet.ModelAndView org.springframework.boot.autoconfigure.web.BasicErrorController.errorHtml(javax.servlet.http.HttpServletRequest,javax.servlet.http.HttpServletResponse)
2017-12-02 05:09:23.416  INFO 6960 --- [           main] o.s.w.s.handler.SimpleUrlHandlerMapping  : Mapped URL path [/login] onto handler of type [class org.springframework.web.servlet.mvc.ParameterizableViewController]
2017-12-02 05:09:23.416  INFO 6960 --- [           main] o.s.w.s.handler.SimpleUrlHandlerMapping  : Root mapping to handler of type [class org.springframework.web.servlet.mvc.ParameterizableViewController]
2017-12-02 05:09:23.416  INFO 6960 --- [           main] o.s.w.s.handler.SimpleUrlHandlerMapping  : Mapped URL path [/home] onto handler of type [class org.springframework.web.servlet.mvc.ParameterizableViewController]
2017-12-02 05:09:23.456  INFO 6960 --- [           main] o.s.w.s.handler.SimpleUrlHandlerMapping  : Mapped URL path [/webjars/**] onto handler of type [class org.springframework.web.servlet.resource.ResourceHttpRequestHandler]
2017-12-02 05:09:23.456  INFO 6960 --- [           main] o.s.w.s.handler.SimpleUrlHandlerMapping  : Mapped URL path [/**] onto handler of type [class org.springframework.web.servlet.resource.ResourceHttpRequestHandler]
2017-12-02 05:09:23.586  INFO 6960 --- [           main] o.s.w.s.handler.SimpleUrlHandlerMapping  : Mapped URL path [/**/favicon.ico] onto handler of type [class org.springframework.web.servlet.resource.ResourceHttpRequestHandler]
2017-12-02 05:09:24.739  INFO 6960 --- [           main] o.s.j.e.a.AnnotationMBeanExporter        : Registering beans for JMX exposure on startup
2017-12-02 05:09:25.017  INFO 6960 --- [           main] s.b.c.e.t.TomcatEmbeddedServletContainer : Tomcat started on port(s): 8080 (http)
2017-12-02 05:09:25.030  INFO 6960 --- [           main] c.kozyrev.testboot.TestBootApplication   : Started TestBootApplication in 17.244 seconds (JVM running for 26.244)

  .   ____          _            __ _ _
 /\\ / ___'_ __ _ _(_)_ __  __ _ \ \ \ \
( ( )\___ | '_ | '_| | '_ \/ _` | \ \ \ \
 \\/  ___)| |_)| | | | | || (_| |  ) ) ) )
  '  |____| .__|_| |_|_| |_\__, | / / / /
 =========|_|==============|___/=/_/_/_/
 :: Spring Boot ::        (v1.5.9.RELEASE)

2017-12-02 05:10:34.366  INFO 4716 --- [           main] c.kozyrev.testboot.TestBootApplication   : Starting TestBootApplication v0.0.1-SNAPSHOT on maxpc with PID 4716 (C:\testboot\target\testboot-0.0.1-SNAPSHOT.jar started by max in C:\testboot)
2017-12-02 05:10:34.371  INFO 4716 --- [           main] c.kozyrev.testboot.TestBootApplication   : No active profile set, falling back to default profiles: default
2017-12-02 05:10:35.334  INFO 4716 --- [           main] ationConfigEmbeddedWebApplicationContext : Refreshing org.springframework.boot.context.embedded.AnnotationConfigEmbeddedWebApplicationContext@14514713: startup date [Sat Dec 02 05:10:35 EET 2017]; root of context hierarchy
2017-12-02 05:10:39.257  INFO 4716 --- [           main] s.b.c.e.t.TomcatEmbeddedServletContainer : Tomcat initialized with port(s): 8080 (http)
2017-12-02 05:10:39.284  INFO 4716 --- [           main] o.apache.catalina.core.StandardService   : Starting service [Tomcat]
2017-12-02 05:10:39.286  INFO 4716 --- [           main] org.apache.catalina.core.StandardEngine  : Starting Servlet Engine: Apache Tomcat/8.5.23
2017-12-02 05:10:39.563  INFO 4716 --- [ost-startStop-1] o.a.c.c.C.[Tomcat].[localhost].[/]       : Initializing Spring embedded WebApplicationContext
2017-12-02 05:10:39.564  INFO 4716 --- [ost-startStop-1] o.s.web.context.ContextLoader            : Root WebApplicationContext: initialization completed in 4236 ms
2017-12-02 05:10:40.098  INFO 4716 --- [ost-startStop-1] o.s.b.w.servlet.FilterRegistrationBean   : Mapping filter: 'characterEncodingFilter' to: [/*]
2017-12-02 05:10:40.098  INFO 4716 --- [ost-startStop-1] o.s.b.w.servlet.FilterRegistrationBean   : Mapping filter: 'hiddenHttpMethodFilter' to: [/*]
2017-12-02 05:10:40.099  INFO 4716 --- [ost-startStop-1] o.s.b.w.servlet.FilterRegistrationBean   : Mapping filter: 'httpPutFormContentFilter' to: [/*]
2017-12-02 05:10:40.099  INFO 4716 --- [ost-startStop-1] o.s.b.w.servlet.FilterRegistrationBean   : Mapping filter: 'requestContextFilter' to: [/*]
2017-12-02 05:10:40.101  INFO 4716 --- [ost-startStop-1] .s.DelegatingFilterProxyRegistrationBean : Mapping filter: 'springSecurityFilterChain' to: [/*]
2017-12-02 05:10:40.102  INFO 4716 --- [ost-startStop-1] o.s.b.w.servlet.ServletRegistrationBean  : Mapping servlet: 'dispatcherServlet' to [/]
2017-12-02 05:10:40.106  INFO 4716 --- [ost-startStop-1] o.s.b.w.servlet.ServletRegistrationBean  : Mapping servlet: 'webServlet' to [/h2/*]
2017-12-02 05:10:40.218  INFO 4716 --- [           main] o.s.j.d.DriverManagerDataSource          : Loaded JDBC driver: org.h2.Driver
2017-12-02 05:10:40.974  INFO 4716 --- [           main] j.LocalContainerEntityManagerFactoryBean : Building JPA container EntityManagerFactory for persistence unit 'default'
2017-12-02 05:10:41.004  INFO 4716 --- [           main] o.hibernate.jpa.internal.util.LogHelper  : HHH000204: Processing PersistenceUnitInfo [
	name: default
	...]
2017-12-02 05:10:41.513  INFO 4716 --- [           main] org.hibernate.Version                    : HHH000412: Hibernate Core {5.0.12.Final}
2017-12-02 05:10:41.517  INFO 4716 --- [           main] org.hibernate.cfg.Environment            : HHH000206: hibernate.properties not found
2017-12-02 05:10:41.520  INFO 4716 --- [           main] org.hibernate.cfg.Environment            : HHH000021: Bytecode provider name : javassist
2017-12-02 05:10:41.639  INFO 4716 --- [           main] o.hibernate.annotations.common.Version   : HCANN000001: Hibernate Commons Annotations {5.0.1.Final}
2017-12-02 05:10:42.194  INFO 4716 --- [           main] org.hibernate.dialect.Dialect            : HHH000400: Using dialect: org.hibernate.dialect.H2Dialect
2017-12-02 05:10:43.902  INFO 4716 --- [           main] org.hibernate.tool.hbm2ddl.SchemaExport  : HHH000227: Running hbm2ddl schema export
Hibernate: drop table account if exists
Hibernate: drop table user_roles if exists
Hibernate: drop table users if exists
Hibernate: create table account (id integer generated by default as identity, email varchar(255), firstname varchar(255), lastname varchar(255), primary key (id))
Hibernate: create table user_roles (role_id bigint generated by default as identity, role varchar(255), username varchar(255), primary key (role_id))
Hibernate: create table users (username varchar(255) not null, enabled boolean, password varchar(255), primary key (username))
Hibernate: alter table user_roles add constraint FKcdp2dxqcsdh6rnh6o64rgtcir foreign key (username) references users
2017-12-02 05:10:44.023  INFO 4716 --- [           main] org.hibernate.tool.hbm2ddl.SchemaExport  : HHH000230: Schema export complete
2017-12-02 05:10:44.153  INFO 4716 --- [           main] j.LocalContainerEntityManagerFactoryBean : Initialized JPA EntityManagerFactory for persistence unit 'default'
2017-12-02 05:10:44.700  INFO 4716 --- [           main] o.s.jdbc.datasource.init.ScriptUtils     : Executing SQL script from URL [jar:file:/C:/testboot/target/testboot-0.0.1-SNAPSHOT.jar!/BOOT-INF/classes!/data.sql]
2017-12-02 05:10:44.704  INFO 4716 --- [           main] o.s.jdbc.datasource.init.ScriptUtils     : Executed SQL script from URL [jar:file:/C:/testboot/target/testboot-0.0.1-SNAPSHOT.jar!/BOOT-INF/classes!/data.sql] in 3 ms.
2017-12-02 05:10:45.900  INFO 4716 --- [           main] o.s.s.web.DefaultSecurityFilterChain     : Creating filter chain: org.springframework.security.web.util.matcher.AnyRequestMatcher@1, [org.springframework.security.web.context.request.async.WebAsyncManagerIntegrationFilter@25be7b63, org.springframework.security.web.context.SecurityContextPersistenceFilter@451001e5, org.springframework.security.web.header.HeaderWriterFilter@231f98ef, org.springframework.security.web.csrf.CsrfFilter@268f106e, org.springframework.security.web.authentication.logout.LogoutFilter@496bc455, org.springframework.security.web.authentication.UsernamePasswordAuthenticationFilter@3f4faf53, org.springframework.security.web.savedrequest.RequestCacheAwareFilter@3e08ff24, org.springframework.security.web.servletapi.SecurityContextHolderAwareRequestFilter@24569dba, org.springframework.security.web.authentication.AnonymousAuthenticationFilter@28dcca0c, org.springframework.security.web.session.SessionManagementFilter@183ec003, org.springframework.security.web.access.ExceptionTranslationFilter@5890e879, org.springframework.security.web.access.intercept.FilterSecurityInterceptor@35841320]
2017-12-02 05:10:46.507  INFO 4716 --- [           main] s.w.s.m.m.a.RequestMappingHandlerAdapter : Looking for @ControllerAdvice: org.springframework.boot.context.embedded.AnnotationConfigEmbeddedWebApplicationContext@14514713: startup date [Sat Dec 02 05:10:35 EET 2017]; root of context hierarchy
2017-12-02 05:10:46.799  INFO 4716 --- [           main] s.w.s.m.m.a.RequestMappingHandlerMapping : Mapped "{[/home || /],methods=[POST]}" onto public java.lang.String com.kozyrev.testboot.controller.HomeController.account(com.kozyrev.testboot.model.Account)
2017-12-02 05:10:46.808  INFO 4716 --- [           main] s.w.s.m.m.a.RequestMappingHandlerMapping : Mapped "{[/home || /],methods=[GET]}" onto public java.lang.String com.kozyrev.testboot.controller.HomeController.account(org.springframework.ui.Model)
2017-12-02 05:10:46.811  INFO 4716 --- [           main] s.w.s.m.m.a.RequestMappingHandlerMapping : Mapped "{[/error]}" onto public org.springframework.http.ResponseEntity<java.util.Map<java.lang.String, java.lang.Object>> org.springframework.boot.autoconfigure.web.BasicErrorController.error(javax.servlet.http.HttpServletRequest)
2017-12-02 05:10:46.811  INFO 4716 --- [           main] s.w.s.m.m.a.RequestMappingHandlerMapping : Mapped "{[/error],produces=[text/html]}" onto public org.springframework.web.servlet.ModelAndView org.springframework.boot.autoconfigure.web.BasicErrorController.errorHtml(javax.servlet.http.HttpServletRequest,javax.servlet.http.HttpServletResponse)
2017-12-02 05:10:46.843  INFO 4716 --- [           main] o.s.w.s.handler.SimpleUrlHandlerMapping  : Mapped URL path [/login] onto handler of type [class org.springframework.web.servlet.mvc.ParameterizableViewController]
2017-12-02 05:10:46.843  INFO 4716 --- [           main] o.s.w.s.handler.SimpleUrlHandlerMapping  : Root mapping to handler of type [class org.springframework.web.servlet.mvc.ParameterizableViewController]
2017-12-02 05:10:46.843  INFO 4716 --- [           main] o.s.w.s.handler.SimpleUrlHandlerMapping  : Mapped URL path [/home] onto handler of type [class org.springframework.web.servlet.mvc.ParameterizableViewController]
2017-12-02 05:10:46.864  INFO 4716 --- [           main] o.s.w.s.handler.SimpleUrlHandlerMapping  : Mapped URL path [/webjars/**] onto handler of type [class org.springframework.web.servlet.resource.ResourceHttpRequestHandler]
2017-12-02 05:10:46.864  INFO 4716 --- [           main] o.s.w.s.handler.SimpleUrlHandlerMapping  : Mapped URL path [/**] onto handler of type [class org.springframework.web.servlet.resource.ResourceHttpRequestHandler]
2017-12-02 05:10:46.935  INFO 4716 --- [           main] o.s.w.s.handler.SimpleUrlHandlerMapping  : Mapped URL path [/**/favicon.ico] onto handler of type [class org.springframework.web.servlet.resource.ResourceHttpRequestHandler]
2017-12-02 05:10:47.887  INFO 4716 --- [           main] o.s.j.e.a.AnnotationMBeanExporter        : Registering beans for JMX exposure on startup
2017-12-02 05:10:48.071  INFO 4716 --- [           main] s.b.c.e.t.TomcatEmbeddedServletContainer : Tomcat started on port(s): 8080 (http)
2017-12-02 05:10:48.083  INFO 4716 --- [           main] c.kozyrev.testboot.TestBootApplication   : Started TestBootApplication in 14.934 seconds (JVM running for 16.081)
2017-12-02 05:11:20.116  INFO 4716 --- [nio-8080-exec-9] o.a.c.c.C.[Tomcat].[localhost].[/]       : Initializing Spring FrameworkServlet 'dispatcherServlet'
2017-12-02 05:11:20.116  INFO 4716 --- [nio-8080-exec-9] o.s.web.servlet.DispatcherServlet        : FrameworkServlet 'dispatcherServlet': initialization started
2017-12-02 05:11:20.263  INFO 4716 --- [nio-8080-exec-9] o.s.web.servlet.DispatcherServlet        : FrameworkServlet 'dispatcherServlet': initialization completed in 147 ms

  .   ____          _            __ _ _
 /\\ / ___'_ __ _ _(_)_ __  __ _ \ \ \ \
( ( )\___ | '_ | '_| | '_ \/ _` | \ \ \ \
 \\/  ___)| |_)| | | | | || (_| |  ) ) ) )
  '  |____| .__|_| |_|_| |_\__, | / / / /
 =========|_|==============|___/=/_/_/_/
 :: Spring Boot ::        (v1.5.9.RELEASE)

2017-12-02 05:12:48.346  INFO 5960 --- [           main] c.kozyrev.testboot.TestBootApplication   : Starting TestBootApplication v0.0.1-SNAPSHOT on maxpc with PID 5960 (C:\testboot\target\testboot-0.0.1-SNAPSHOT.jar started by max in C:\testboot)
2017-12-02 05:12:48.356  INFO 5960 --- [           main] c.kozyrev.testboot.TestBootApplication   : No active profile set, falling back to default profiles: default
2017-12-02 05:12:49.485  INFO 5960 --- [           main] ationConfigEmbeddedWebApplicationContext : Refreshing org.springframework.boot.context.embedded.AnnotationConfigEmbeddedWebApplicationContext@14514713: startup date [Sat Dec 02 05:12:49 EET 2017]; root of context hierarchy
2017-12-02 05:12:53.326  INFO 5960 --- [           main] s.b.c.e.t.TomcatEmbeddedServletContainer : Tomcat initialized with port(s): 8080 (http)
2017-12-02 05:12:53.352  INFO 5960 --- [           main] o.apache.catalina.core.StandardService   : Starting service [Tomcat]
2017-12-02 05:12:53.354  INFO 5960 --- [           main] org.apache.catalina.core.StandardEngine  : Starting Servlet Engine: Apache Tomcat/8.5.23
2017-12-02 05:12:53.619  INFO 5960 --- [ost-startStop-1] o.a.c.c.C.[Tomcat].[localhost].[/]       : Initializing Spring embedded WebApplicationContext
2017-12-02 05:12:53.620  INFO 5960 --- [ost-startStop-1] o.s.web.context.ContextLoader            : Root WebApplicationContext: initialization completed in 4138 ms
2017-12-02 05:12:54.191  INFO 5960 --- [ost-startStop-1] o.s.b.w.servlet.FilterRegistrationBean   : Mapping filter: 'characterEncodingFilter' to: [/*]
2017-12-02 05:12:54.192  INFO 5960 --- [ost-startStop-1] o.s.b.w.servlet.FilterRegistrationBean   : Mapping filter: 'hiddenHttpMethodFilter' to: [/*]
2017-12-02 05:12:54.192  INFO 5960 --- [ost-startStop-1] o.s.b.w.servlet.FilterRegistrationBean   : Mapping filter: 'httpPutFormContentFilter' to: [/*]
2017-12-02 05:12:54.192  INFO 5960 --- [ost-startStop-1] o.s.b.w.servlet.FilterRegistrationBean   : Mapping filter: 'requestContextFilter' to: [/*]
2017-12-02 05:12:54.194  INFO 5960 --- [ost-startStop-1] .s.DelegatingFilterProxyRegistrationBean : Mapping filter: 'springSecurityFilterChain' to: [/*]
2017-12-02 05:12:54.194  INFO 5960 --- [ost-startStop-1] o.s.b.w.servlet.ServletRegistrationBean  : Mapping servlet: 'dispatcherServlet' to [/]
2017-12-02 05:12:54.244  INFO 5960 --- [ost-startStop-1] o.s.b.w.servlet.ServletRegistrationBean  : Mapping servlet: 'webServlet' to [/h2/*]
2017-12-02 05:12:54.357  INFO 5960 --- [           main] o.s.j.d.DriverManagerDataSource          : Loaded JDBC driver: org.h2.Driver
2017-12-02 05:12:55.274  INFO 5960 --- [           main] j.LocalContainerEntityManagerFactoryBean : Building JPA container EntityManagerFactory for persistence unit 'default'
2017-12-02 05:12:55.305  INFO 5960 --- [           main] o.hibernate.jpa.internal.util.LogHelper  : HHH000204: Processing PersistenceUnitInfo [
	name: default
	...]
2017-12-02 05:12:55.727  INFO 5960 --- [           main] org.hibernate.Version                    : HHH000412: Hibernate Core {5.0.12.Final}
2017-12-02 05:12:55.730  INFO 5960 --- [           main] org.hibernate.cfg.Environment            : HHH000206: hibernate.properties not found
2017-12-02 05:12:55.734  INFO 5960 --- [           main] org.hibernate.cfg.Environment            : HHH000021: Bytecode provider name : javassist
2017-12-02 05:12:55.957  INFO 5960 --- [           main] o.hibernate.annotations.common.Version   : HCANN000001: Hibernate Commons Annotations {5.0.1.Final}
2017-12-02 05:12:56.397  INFO 5960 --- [           main] org.hibernate.dialect.Dialect            : HHH000400: Using dialect: org.hibernate.dialect.H2Dialect
2017-12-02 05:12:57.757  INFO 5960 --- [           main] org.hibernate.tool.hbm2ddl.SchemaExport  : HHH000227: Running hbm2ddl schema export
Hibernate: drop table account if exists
Hibernate: drop table user_roles if exists
Hibernate: drop table users if exists
Hibernate: create table account (id integer generated by default as identity, email varchar(255), firstname varchar(255), lastname varchar(255), primary key (id))
Hibernate: create table user_roles (role_id bigint generated by default as identity, role varchar(255), username varchar(255), primary key (role_id))
Hibernate: create table users (username varchar(255) not null, enabled boolean, password varchar(255), primary key (username))
Hibernate: alter table user_roles add constraint FKcdp2dxqcsdh6rnh6o64rgtcir foreign key (username) references users
2017-12-02 05:12:57.821  INFO 5960 --- [           main] org.hibernate.tool.hbm2ddl.SchemaExport  : HHH000230: Schema export complete
2017-12-02 05:12:57.929  INFO 5960 --- [           main] j.LocalContainerEntityManagerFactoryBean : Initialized JPA EntityManagerFactory for persistence unit 'default'
2017-12-02 05:12:58.395  INFO 5960 --- [           main] o.s.jdbc.datasource.init.ScriptUtils     : Executing SQL script from URL [jar:file:/C:/testboot/target/testboot-0.0.1-SNAPSHOT.jar!/BOOT-INF/classes!/data.sql]
2017-12-02 05:12:58.398  INFO 5960 --- [           main] o.s.jdbc.datasource.init.ScriptUtils     : Executed SQL script from URL [jar:file:/C:/testboot/target/testboot-0.0.1-SNAPSHOT.jar!/BOOT-INF/classes!/data.sql] in 3 ms.
2017-12-02 05:12:59.388  INFO 5960 --- [           main] o.s.s.web.DefaultSecurityFilterChain     : Creating filter chain: org.springframework.security.web.util.matcher.AnyRequestMatcher@1, [org.springframework.security.web.context.request.async.WebAsyncManagerIntegrationFilter@723ca036, org.springframework.security.web.context.SecurityContextPersistenceFilter@221a3fa4, org.springframework.security.web.header.HeaderWriterFilter@31ea9581, org.springframework.security.web.csrf.CsrfFilter@5b247367, org.springframework.security.web.authentication.logout.LogoutFilter@70ed52de, org.springframework.security.web.authentication.UsernamePasswordAuthenticationFilter@2a693f59, org.springframework.security.web.savedrequest.RequestCacheAwareFilter@2b40ff9c, org.springframework.security.web.servletapi.SecurityContextHolderAwareRequestFilter@8462f31, org.springframework.security.web.authentication.AnonymousAuthenticationFilter@25be7b63, org.springframework.security.web.session.SessionManagementFilter@7c137fd5, org.springframework.security.web.access.ExceptionTranslationFilter@6c284af, org.springframework.security.web.access.intercept.FilterSecurityInterceptor@7ae0a9ec]
2017-12-02 05:12:59.870  INFO 5960 --- [           main] s.w.s.m.m.a.RequestMappingHandlerAdapter : Looking for @ControllerAdvice: org.springframework.boot.context.embedded.AnnotationConfigEmbeddedWebApplicationContext@14514713: startup date [Sat Dec 02 05:12:49 EET 2017]; root of context hierarchy
2017-12-02 05:13:00.102  INFO 5960 --- [           main] s.w.s.m.m.a.RequestMappingHandlerMapping : Mapped "{[/home || /],methods=[POST]}" onto public java.lang.String com.kozyrev.testboot.controller.HomeController.account(com.kozyrev.testboot.model.Account)
2017-12-02 05:13:00.104  INFO 5960 --- [           main] s.w.s.m.m.a.RequestMappingHandlerMapping : Mapped "{[/home || /],methods=[GET]}" onto public java.lang.String com.kozyrev.testboot.controller.HomeController.account(org.springframework.ui.Model)
2017-12-02 05:13:00.108  INFO 5960 --- [           main] s.w.s.m.m.a.RequestMappingHandlerMapping : Mapped "{[/error]}" onto public org.springframework.http.ResponseEntity<java.util.Map<java.lang.String, java.lang.Object>> org.springframework.boot.autoconfigure.web.BasicErrorController.error(javax.servlet.http.HttpServletRequest)
2017-12-02 05:13:00.108  INFO 5960 --- [           main] s.w.s.m.m.a.RequestMappingHandlerMapping : Mapped "{[/error],produces=[text/html]}" onto public org.springframework.web.servlet.ModelAndView org.springframework.boot.autoconfigure.web.BasicErrorController.errorHtml(javax.servlet.http.HttpServletRequest,javax.servlet.http.HttpServletResponse)
2017-12-02 05:13:00.138  INFO 5960 --- [           main] o.s.w.s.handler.SimpleUrlHandlerMapping  : Mapped URL path [/login] onto handler of type [class org.springframework.web.servlet.mvc.ParameterizableViewController]
2017-12-02 05:13:00.139  INFO 5960 --- [           main] o.s.w.s.handler.SimpleUrlHandlerMapping  : Root mapping to handler of type [class org.springframework.web.servlet.mvc.ParameterizableViewController]
2017-12-02 05:13:00.139  INFO 5960 --- [           main] o.s.w.s.handler.SimpleUrlHandlerMapping  : Mapped URL path [/home] onto handler of type [class org.springframework.web.servlet.mvc.ParameterizableViewController]
2017-12-02 05:13:00.164  INFO 5960 --- [           main] o.s.w.s.handler.SimpleUrlHandlerMapping  : Mapped URL path [/webjars/**] onto handler of type [class org.springframework.web.servlet.resource.ResourceHttpRequestHandler]
2017-12-02 05:13:00.164  INFO 5960 --- [           main] o.s.w.s.handler.SimpleUrlHandlerMapping  : Mapped URL path [/**] onto handler of type [class org.springframework.web.servlet.resource.ResourceHttpRequestHandler]
2017-12-02 05:13:00.238  INFO 5960 --- [           main] o.s.w.s.handler.SimpleUrlHandlerMapping  : Mapped URL path [/**/favicon.ico] onto handler of type [class org.springframework.web.servlet.resource.ResourceHttpRequestHandler]
2017-12-02 05:13:01.181  INFO 5960 --- [           main] o.s.j.e.a.AnnotationMBeanExporter        : Registering beans for JMX exposure on startup
2017-12-02 05:13:01.311  INFO 5960 --- [           main] s.b.c.e.t.TomcatEmbeddedServletContainer : Tomcat started on port(s): 8080 (http)
2017-12-02 05:13:01.320  INFO 5960 --- [           main] c.kozyrev.testboot.TestBootApplication   : Started TestBootApplication in 14.198 seconds (JVM running for 15.315)
2017-12-02 05:13:01.897  INFO 5960 --- [nio-8080-exec-1] o.a.c.c.C.[Tomcat].[localhost].[/]       : Initializing Spring FrameworkServlet 'dispatcherServlet'
2017-12-02 05:13:01.897  INFO 5960 --- [nio-8080-exec-1] o.s.web.servlet.DispatcherServlet        : FrameworkServlet 'dispatcherServlet': initialization started
2017-12-02 05:13:01.938  INFO 5960 --- [nio-8080-exec-1] o.s.web.servlet.DispatcherServlet        : FrameworkServlet 'dispatcherServlet': initialization completed in 41 ms

  .   ____          _            __ _ _
 /\\ / ___'_ __ _ _(_)_ __  __ _ \ \ \ \
( ( )\___ | '_ | '_| | '_ \/ _` | \ \ \ \
 \\/  ___)| |_)| | | | | || (_| |  ) ) ) )
  '  |____| .__|_| |_|_| |_\__, | / / / /
 =========|_|==============|___/=/_/_/_/
 :: Spring Boot ::        (v1.5.9.RELEASE)

2017-12-02 05:17:06.013  INFO 6784 --- [           main] c.kozyrev.testboot.TestBootApplication   : Starting TestBootApplication v0.0.1-SNAPSHOT on maxpc with PID 6784 (C:\testboot\target\testboot-0.0.1-SNAPSHOT.jar started by max in C:\testboot)
2017-12-02 05:17:06.018  INFO 6784 --- [           main] c.kozyrev.testboot.TestBootApplication   : No active profile set, falling back to default profiles: default
2017-12-02 05:17:06.938  INFO 6784 --- [           main] ationConfigEmbeddedWebApplicationContext : Refreshing org.springframework.boot.context.embedded.AnnotationConfigEmbeddedWebApplicationContext@14514713: startup date [Sat Dec 02 05:17:06 EET 2017]; root of context hierarchy
2017-12-02 05:17:10.830  INFO 6784 --- [           main] s.b.c.e.t.TomcatEmbeddedServletContainer : Tomcat initialized with port(s): 8080 (http)
2017-12-02 05:17:10.859  INFO 6784 --- [           main] o.apache.catalina.core.StandardService   : Starting service [Tomcat]
2017-12-02 05:17:10.861  INFO 6784 --- [           main] org.apache.catalina.core.StandardEngine  : Starting Servlet Engine: Apache Tomcat/8.5.23
2017-12-02 05:17:11.131  INFO 6784 --- [ost-startStop-1] o.a.c.c.C.[Tomcat].[localhost].[/]       : Initializing Spring embedded WebApplicationContext
2017-12-02 05:17:11.131  INFO 6784 --- [ost-startStop-1] o.s.web.context.ContextLoader            : Root WebApplicationContext: initialization completed in 4196 ms
2017-12-02 05:17:11.575  INFO 6784 --- [ost-startStop-1] o.s.b.w.servlet.FilterRegistrationBean   : Mapping filter: 'characterEncodingFilter' to: [/*]
2017-12-02 05:17:11.576  INFO 6784 --- [ost-startStop-1] o.s.b.w.servlet.FilterRegistrationBean   : Mapping filter: 'hiddenHttpMethodFilter' to: [/*]
2017-12-02 05:17:11.576  INFO 6784 --- [ost-startStop-1] o.s.b.w.servlet.FilterRegistrationBean   : Mapping filter: 'httpPutFormContentFilter' to: [/*]
2017-12-02 05:17:11.576  INFO 6784 --- [ost-startStop-1] o.s.b.w.servlet.FilterRegistrationBean   : Mapping filter: 'requestContextFilter' to: [/*]
2017-12-02 05:17:11.578  INFO 6784 --- [ost-startStop-1] .s.DelegatingFilterProxyRegistrationBean : Mapping filter: 'springSecurityFilterChain' to: [/*]
2017-12-02 05:17:11.578  INFO 6784 --- [ost-startStop-1] o.s.b.w.servlet.ServletRegistrationBean  : Mapping servlet: 'dispatcherServlet' to [/]
2017-12-02 05:17:11.581  INFO 6784 --- [ost-startStop-1] o.s.b.w.servlet.ServletRegistrationBean  : Mapping servlet: 'webServlet' to [/h2/*]
2017-12-02 05:17:11.682  INFO 6784 --- [           main] o.s.j.d.DriverManagerDataSource          : Loaded JDBC driver: org.h2.Driver
2017-12-02 05:17:12.557  INFO 6784 --- [           main] j.LocalContainerEntityManagerFactoryBean : Building JPA container EntityManagerFactory for persistence unit 'default'
2017-12-02 05:17:12.587  INFO 6784 --- [           main] o.hibernate.jpa.internal.util.LogHelper  : HHH000204: Processing PersistenceUnitInfo [
	name: default
	...]
2017-12-02 05:17:12.971  INFO 6784 --- [           main] org.hibernate.Version                    : HHH000412: Hibernate Core {5.0.12.Final}
2017-12-02 05:17:12.975  INFO 6784 --- [           main] org.hibernate.cfg.Environment            : HHH000206: hibernate.properties not found
2017-12-02 05:17:12.978  INFO 6784 --- [           main] org.hibernate.cfg.Environment            : HHH000021: Bytecode provider name : javassist
2017-12-02 05:17:13.085  INFO 6784 --- [           main] o.hibernate.annotations.common.Version   : HCANN000001: Hibernate Commons Annotations {5.0.1.Final}
2017-12-02 05:17:14.480  INFO 6784 --- [           main] org.hibernate.dialect.Dialect            : HHH000400: Using dialect: org.hibernate.dialect.H2Dialect
2017-12-02 05:17:16.222  INFO 6784 --- [           main] org.hibernate.tool.hbm2ddl.SchemaExport  : HHH000227: Running hbm2ddl schema export
Hibernate: drop table account if exists
Hibernate: drop table user_roles if exists
Hibernate: drop table users if exists
Hibernate: create table account (id integer generated by default as identity, email varchar(255), firstname varchar(255), lastname varchar(255), primary key (id))
Hibernate: create table user_roles (role_id bigint generated by default as identity, role varchar(255), username varchar(255), primary key (role_id))
Hibernate: create table users (username varchar(255) not null, enabled boolean, password varchar(255), primary key (username))
Hibernate: alter table user_roles add constraint FKcdp2dxqcsdh6rnh6o64rgtcir foreign key (username) references users
2017-12-02 05:17:16.271  INFO 6784 --- [           main] org.hibernate.tool.hbm2ddl.SchemaExport  : HHH000230: Schema export complete
2017-12-02 05:17:16.367  INFO 6784 --- [           main] j.LocalContainerEntityManagerFactoryBean : Initialized JPA EntityManagerFactory for persistence unit 'default'
2017-12-02 05:17:17.031  INFO 6784 --- [           main] o.s.jdbc.datasource.init.ScriptUtils     : Executing SQL script from URL [jar:file:/C:/testboot/target/testboot-0.0.1-SNAPSHOT.jar!/BOOT-INF/classes!/data.sql]
2017-12-02 05:17:17.035  INFO 6784 --- [           main] o.s.jdbc.datasource.init.ScriptUtils     : Executed SQL script from URL [jar:file:/C:/testboot/target/testboot-0.0.1-SNAPSHOT.jar!/BOOT-INF/classes!/data.sql] in 4 ms.
2017-12-02 05:17:18.659  INFO 6784 --- [           main] o.s.s.web.DefaultSecurityFilterChain     : Creating filter chain: org.springframework.security.web.util.matcher.AnyRequestMatcher@1, [org.springframework.security.web.context.request.async.WebAsyncManagerIntegrationFilter@25be7b63, org.springframework.security.web.context.SecurityContextPersistenceFilter@451001e5, org.springframework.security.web.header.HeaderWriterFilter@231f98ef, org.springframework.security.web.csrf.CsrfFilter@268f106e, org.springframework.security.web.authentication.logout.LogoutFilter@496bc455, org.springframework.security.web.authentication.UsernamePasswordAuthenticationFilter@3f4faf53, org.springframework.security.web.savedrequest.RequestCacheAwareFilter@3e08ff24, org.springframework.security.web.servletapi.SecurityContextHolderAwareRequestFilter@24569dba, org.springframework.security.web.authentication.AnonymousAuthenticationFilter@28dcca0c, org.springframework.security.web.session.SessionManagementFilter@183ec003, org.springframework.security.web.access.ExceptionTranslationFilter@5890e879, org.springframework.security.web.access.intercept.FilterSecurityInterceptor@35841320]
2017-12-02 05:17:19.433  INFO 6784 --- [           main] s.w.s.m.m.a.RequestMappingHandlerAdapter : Looking for @ControllerAdvice: org.springframework.boot.context.embedded.AnnotationConfigEmbeddedWebApplicationContext@14514713: startup date [Sat Dec 02 05:17:06 EET 2017]; root of context hierarchy
2017-12-02 05:17:19.611  INFO 6784 --- [           main] s.w.s.m.m.a.RequestMappingHandlerMapping : Mapped "{[/home || /],methods=[POST]}" onto public java.lang.String com.kozyrev.testboot.controller.HomeController.account(com.kozyrev.testboot.model.Account)
2017-12-02 05:17:19.613  INFO 6784 --- [           main] s.w.s.m.m.a.RequestMappingHandlerMapping : Mapped "{[/home || /],methods=[GET]}" onto public java.lang.String com.kozyrev.testboot.controller.HomeController.account(org.springframework.ui.Model)
2017-12-02 05:17:19.615  INFO 6784 --- [           main] s.w.s.m.m.a.RequestMappingHandlerMapping : Mapped "{[/error]}" onto public org.springframework.http.ResponseEntity<java.util.Map<java.lang.String, java.lang.Object>> org.springframework.boot.autoconfigure.web.BasicErrorController.error(javax.servlet.http.HttpServletRequest)
2017-12-02 05:17:19.616  INFO 6784 --- [           main] s.w.s.m.m.a.RequestMappingHandlerMapping : Mapped "{[/error],produces=[text/html]}" onto public org.springframework.web.servlet.ModelAndView org.springframework.boot.autoconfigure.web.BasicErrorController.errorHtml(javax.servlet.http.HttpServletRequest,javax.servlet.http.HttpServletResponse)
2017-12-02 05:17:19.641  INFO 6784 --- [           main] o.s.w.s.handler.SimpleUrlHandlerMapping  : Mapped URL path [/login] onto handler of type [class org.springframework.web.servlet.mvc.ParameterizableViewController]
2017-12-02 05:17:19.642  INFO 6784 --- [           main] o.s.w.s.handler.SimpleUrlHandlerMapping  : Root mapping to handler of type [class org.springframework.web.servlet.mvc.ParameterizableViewController]
2017-12-02 05:17:19.642  INFO 6784 --- [           main] o.s.w.s.handler.SimpleUrlHandlerMapping  : Mapped URL path [/home] onto handler of type [class org.springframework.web.servlet.mvc.ParameterizableViewController]
2017-12-02 05:17:19.663  INFO 6784 --- [           main] o.s.w.s.handler.SimpleUrlHandlerMapping  : Mapped URL path [/webjars/**] onto handler of type [class org.springframework.web.servlet.resource.ResourceHttpRequestHandler]
2017-12-02 05:17:19.663  INFO 6784 --- [           main] o.s.w.s.handler.SimpleUrlHandlerMapping  : Mapped URL path [/**] onto handler of type [class org.springframework.web.servlet.resource.ResourceHttpRequestHandler]
2017-12-02 05:17:19.775  INFO 6784 --- [           main] o.s.w.s.handler.SimpleUrlHandlerMapping  : Mapped URL path [/**/favicon.ico] onto handler of type [class org.springframework.web.servlet.resource.ResourceHttpRequestHandler]
2017-12-02 05:17:21.230  INFO 6784 --- [           main] o.s.j.e.a.AnnotationMBeanExporter        : Registering beans for JMX exposure on startup
2017-12-02 05:17:21.386  INFO 6784 --- [           main] s.b.c.e.t.TomcatEmbeddedServletContainer : Tomcat started on port(s): 8080 (http)
2017-12-02 05:17:21.395  INFO 6784 --- [           main] c.kozyrev.testboot.TestBootApplication   : Started TestBootApplication in 16.786 seconds (JVM running for 17.919)
2017-12-02 05:17:32.441  INFO 6784 --- [nio-8080-exec-2] o.a.c.c.C.[Tomcat].[localhost].[/]       : Initializing Spring FrameworkServlet 'dispatcherServlet'
2017-12-02 05:17:32.442  INFO 6784 --- [nio-8080-exec-2] o.s.web.servlet.DispatcherServlet        : FrameworkServlet 'dispatcherServlet': initialization started
2017-12-02 05:17:32.476  INFO 6784 --- [nio-8080-exec-2] o.s.web.servlet.DispatcherServlet        : FrameworkServlet 'dispatcherServlet': initialization completed in 34 ms
Account{firstname='12', lastname='123', email='asd@asd'}
Hibernate: insert into account (id, email, firstname, lastname) values (null, ?, ?, ?)
